::1 - - [30/May/2023:10:02:19 -0300] "GET /phpmyadmin HTTP/1.1" 301 241
::1 - - [30/May/2023:10:02:19 -0300] "GET /phpmyadmin/ HTTP/1.1" 200 8233
::1 - - [30/May/2023:10:02:19 -0300] "GET /phpmyadmin/themes/pmahomme/jquery/jquery-ui-1.9.2.custom.css HTTP/1.1" 200 32739
::1 - - [30/May/2023:10:02:19 -0300] "GET /phpmyadmin/js/get_scripts.js.php?scripts[]=jquery/jquery-1.8.3.js&scripts[]=ajax.js&scripts[]=keyhandler.js&scripts[]=jquery/jquery-ui-1.9.2.custom.js&scripts[]=jquery/jquery.sprintf.js&scripts[]=jquery/jquery.cookie.js&scripts[]=jquery/jquery.mousewheel.js&scripts[]=jquery/jquery.event.drag-2.2.js&scripts[]=jquery/jquery-ui-timepicker-addon.js&scripts[]=jquery/jquery.ba-hashchange-1.3.js&scripts[]=jquery/jquery.debounce-1.0.5.js&scripts[]=jquery/jquery.menuResizer-1.0.js&scripts[]=rte.js&scripts[]=functions.js&scripts[]=navigation.js&scripts[]=indexes.js&scripts[]=common.js&scripts[]=codemirror/lib/codemirror.js&scripts[]=codemirror/mode/mysql/mysql.js HTTP/1.1" 200 578621
::1 - - [30/May/2023:10:02:19 -0300] "GET /phpmyadmin/phpmyadmin.css.php?server=1&token=824f716736950af15213b2d6a215cc3e&nocache=5055870206ltr HTTP/1.1" 200 92653
::1 - - [30/May/2023:10:02:19 -0300] "GET /phpmyadmin/js/messages.php?lang=pt&db=&server=0&token=824f716736950af15213b2d6a215cc3e HTTP/1.1" 200 18108
::1 - - [30/May/2023:10:02:20 -0300] "GET /phpmyadmin/themes/pmahomme/img/logo_right.png HTTP/1.1" 200 4548
::1 - - [30/May/2023:10:02:20 -0300] "GET /phpmyadmin/themes/dot.gif HTTP/1.1" 200 43
::1 - - [30/May/2023:10:02:19 -0300] "GET /phpmyadmin/js/get_image.js.php?theme=pmahomme HTTP/1.1" 200 6364
::1 - - [30/May/2023:10:02:20 -0300] "GET /phpmyadmin/themes/pmahomme/img/sprites.png HTTP/1.1" 200 61899
::1 - - [30/May/2023:10:02:21 -0300] "POST /phpmyadmin/index.php HTTP/1.1" 302 -
::1 - - [30/May/2023:10:02:21 -0300] "GET /phpmyadmin/index.php?token=824f716736950af15213b2d6a215cc3e HTTP/1.1" 200 46671
::1 - - [30/May/2023:10:02:21 -0300] "GET /phpmyadmin/themes/pmahomme/img/logo_left.png HTTP/1.1" 200 2327
::1 - - [30/May/2023:10:02:21 -0300] "GET /phpmyadmin/themes/pmahomme/img/ajax_clock_small.gif HTTP/1.1" 200 1810
::1 - - [30/May/2023:10:02:21 -0300] "GET /phpmyadmin/phpmyadmin.css.php?server=1&token=824f716736950af15213b2d6a215cc3e&nocache=6741333147ltr HTTP/1.1" 200 92653
::1 - - [30/May/2023:10:02:21 -0300] "GET /phpmyadmin/themes/pmahomme/img/left_nav_bg.png HTTP/1.1" 200 297
::1 - - [30/May/2023:10:02:21 -0300] "GET /phpmyadmin/version_check.php?&_nocache=168545174187840988 HTTP/1.1" 200 39
::1 - - [30/May/2023:10:02:23 -0300] "GET /phpmyadmin/db_structure.php?server=1&db=gameon&token=824f716736950af15213b2d6a215cc3e&ajax_request=true&ajax_page_request=true&menuHashes=8b1623dc&_nocache=1685451743505973258 HTTP/1.1" 200 29669
::1 - - [30/May/2023:10:02:24 -0300] "GET /phpmyadmin/themes/pmahomme/img/arrow_ltr.png HTTP/1.1" 200 139
::1 - - [30/May/2023:10:02:24 -0300] "GET /phpmyadmin/js/get_scripts.js.php?scripts[]=db_structure.js&scripts[]=tbl_change.js HTTP/1.1" 200 12382
::1 - - [30/May/2023:10:02:27 -0300] "GET /phpmyadmin/sql.php?db=gameon&token=824f716736950af15213b2d6a215cc3e&goto=db_structure.php&table=admin&pos=0&ajax_request=true&ajax_page_request=true&menuHashes=8b1623dc-a9b3d5ef&_nocache=168545174702442384 HTTP/1.1" 200 20190
::1 - - [30/May/2023:10:02:27 -0300] "GET /phpmyadmin/js/get_scripts.js.php?scripts[]=tbl_structure.js&scripts[]=gis_data_editor.js&scripts[]=makegrid.js&scripts[]=sql.js HTTP/1.1" 200 50287
::1 - - [30/May/2023:10:02:27 -0300] "GET /phpmyadmin/themes/pmahomme/img/s_fulltext.png HTTP/1.1" 200 193
::1 - - [30/May/2023:10:02:27 -0300] "GET /phpmyadmin/themes/pmahomme/img/col_pointer.png HTTP/1.1" 200 113
::1 - - [30/May/2023:10:02:27 -0300] "GET /phpmyadmin/themes/pmahomme/img/col_drop.png HTTP/1.1" 200 132
::1 - - [30/May/2023:10:02:27 -0300] "GET /phpmyadmin/index.php?ajax_request=1&recent_table=1&token=824f716736950af15213b2d6a215cc3e HTTP/1.1" 200 209
::1 - - [30/May/2023:10:30:31 -0300] "GET /phpmyadmin/db_structure.php?server=1&db=gameon&token=824f716736950af15213b2d6a215cc3e&ajax_request=true&ajax_page_request=true&menuHashes=8b1623dc-a9b3d5ef-37e3d1f4&_nocache=16854534314972539 HTTP/1.1" 200 325
::1 - - [30/May/2023:10:30:34 -0300] "GET /phpmyadmin/db_structure.php?server=1&db=gameon&token=824f716736950af15213b2d6a215cc3e&ajax_request=true&ajax_page_request=true&menuHashes=8b1623dc-a9b3d5ef-37e3d1f4&_nocache=1685453434886572641 HTTP/1.1" 200 325
::1 - - [30/May/2023:10:30:35 -0300] "GET /phpmyadmin/index.php?token=824f716736950af15213b2d6a215cc3e HTTP/1.1" 200 8233
::1 - - [30/May/2023:10:30:35 -0300] "GET /phpmyadmin/themes/pmahomme/jquery/jquery-ui-1.9.2.custom.css HTTP/1.1" 304 -
::1 - - [30/May/2023:10:30:35 -0300] "GET /phpmyadmin/themes/pmahomme/img/logo_right.png HTTP/1.1" 200 4548
::1 - - [30/May/2023:10:30:35 -0300] "GET /phpmyadmin/themes/dot.gif HTTP/1.1" 304 -
::1 - - [30/May/2023:10:30:35 -0300] "GET /phpmyadmin/phpmyadmin.css.php?server=1&token=824f716736950af15213b2d6a215cc3e&nocache=5056351264ltr HTTP/1.1" 200 92653
::1 - - [30/May/2023:10:30:36 -0300] "GET /phpmyadmin/sql.php?db=gameon&table=admin&server=1&target=&token=824f716736950af15213b2d6a215cc3e HTTP/1.1" 200 8328
::1 - - [30/May/2023:10:30:36 -0300] "GET /phpmyadmin/themes/dot.gif HTTP/1.1" 200 43
::1 - - [30/May/2023:10:30:36 -0300] "GET /phpmyadmin/js/messages.php?lang=pt&db=gameon&token=824f716736950af15213b2d6a215cc3e HTTP/1.1" 200 18108
::1 - - [30/May/2023:10:30:36 -0300] "GET /phpmyadmin/themes/pmahomme/img/sprites.png HTTP/1.1" 304 -
::1 - - [30/May/2023:10:30:36 -0300] "GET /phpmyadmin/favicon.ico HTTP/1.1" 200 18902
::1 - - [30/May/2023:10:30:37 -0300] "POST /phpmyadmin/index.php HTTP/1.1" 302 -
::1 - - [30/May/2023:10:30:37 -0300] "GET /phpmyadmin/index.php?db=gameon&table=admin&target=sql.php&token=824f716736950af15213b2d6a215cc3e HTTP/1.1" 200 26202
::1 - - [30/May/2023:10:30:37 -0300] "GET /phpmyadmin/js/get_scripts.js.php?scripts[]=jquery/jquery-1.8.3.js&scripts[]=ajax.js&scripts[]=keyhandler.js&scripts[]=jquery/jquery-ui-1.9.2.custom.js&scripts[]=jquery/jquery.sprintf.js&scripts[]=jquery/jquery.cookie.js&scripts[]=jquery/jquery.mousewheel.js&scripts[]=jquery/jquery.event.drag-2.2.js&scripts[]=jquery/jquery-ui-timepicker-addon.js&scripts[]=jquery/jquery.ba-hashchange-1.3.js&scripts[]=jquery/jquery.debounce-1.0.5.js&scripts[]=jquery/jquery.menuResizer-1.0.js&scripts[]=rte.js&scripts[]=functions.js&scripts[]=navigation.js&scripts[]=indexes.js&scripts[]=common.js&scripts[]=tbl_change.js&scripts[]=tbl_structure.js&scripts[]=gis_data_editor.js&scripts[]=makegrid.js&scripts[]=sql.js&scripts[]=codemirror/lib/codemirror.js&scripts[]=codemirror/mode/mysql/mysql.js HTTP/1.1" 200 635923
::1 - - [30/May/2023:10:30:37 -0300] "GET /phpmyadmin/phpmyadmin.css.php?server=1&token=824f716736950af15213b2d6a215cc3e&nocache=6741333147ltr HTTP/1.1" 200 92653
::1 - - [30/May/2023:10:30:37 -0300] "GET /phpmyadmin/themes/pmahomme/img/logo_left.png HTTP/1.1" 304 -
::1 - - [30/May/2023:10:30:37 -0300] "GET /phpmyadmin/themes/pmahomme/img/ajax_clock_small.gif HTTP/1.1" 304 -
::1 - - [30/May/2023:10:30:37 -0300] "GET /phpmyadmin/themes/pmahomme/img/s_fulltext.png HTTP/1.1" 304 -
::1 - - [30/May/2023:10:30:37 -0300] "GET /phpmyadmin/themes/pmahomme/img/arrow_ltr.png HTTP/1.1" 304 -
::1 - - [30/May/2023:10:30:37 -0300] "GET /phpmyadmin/js/messages.php?lang=pt&db=gameon&server=0&token=824f716736950af15213b2d6a215cc3e HTTP/1.1" 200 18108
::1 - - [30/May/2023:10:30:37 -0300] "GET /phpmyadmin/themes/pmahomme/img/left_nav_bg.png HTTP/1.1" 304 -
::1 - - [30/May/2023:10:30:37 -0300] "GET /phpmyadmin/themes/pmahomme/img/col_pointer.png HTTP/1.1" 304 -
::1 - - [30/May/2023:10:30:37 -0300] "GET /phpmyadmin/themes/pmahomme/img/col_drop.png HTTP/1.1" 304 -
::1 - - [30/May/2023:10:30:37 -0300] "GET /phpmyadmin/index.php?ajax_request=1&recent_table=1&token=824f716736950af15213b2d6a215cc3e HTTP/1.1" 200 209
::1 - - [30/May/2023:10:30:39 -0300] "GET /phpmyadmin/sql.php?db=gameon&table=admin&token=824f716736950af15213b2d6a215cc3e&pos=0&ajax_request=true&ajax_page_request=true&menuHashes=d2cb1ed5&_nocache=1685453439354225294 HTTP/1.1" 200 20190
::1 - - [30/May/2023:10:30:39 -0300] "GET /phpmyadmin/index.php?ajax_request=1&recent_table=1&token=824f716736950af15213b2d6a215cc3e HTTP/1.1" 200 209
::1 - - [30/May/2023:10:30:42 -0300] "GET /phpmyadmin/tbl_structure.php?db=gameon&table=admin&token=824f716736950af15213b2d6a215cc3e&ajax_request=true&ajax_page_request=true&menuHashes=d2cb1ed5-37e3d1f4&_nocache=1685453442062186024 HTTP/1.1" 200 33767
::1 - - [30/May/2023:10:30:42 -0300] "GET /phpmyadmin/index.php?ajax_request=1&recent_table=1&token=824f716736950af15213b2d6a215cc3e HTTP/1.1" 200 209
::1 - - [30/May/2023:10:31:00 -0300] "GET /phpmyadmin/sql.php?db=gameon&table=admin&token=824f716736950af15213b2d6a215cc3e&pos=0&ajax_request=true&ajax_page_request=true&menuHashes=d2cb1ed5-37e3d1f4-8974f039&_nocache=1685453460327448261 HTTP/1.1" 200 17128
::1 - - [30/May/2023:10:31:00 -0300] "GET /phpmyadmin/index.php?ajax_request=1&recent_table=1&token=824f716736950af15213b2d6a215cc3e HTTP/1.1" 200 209
::1 - - [30/May/2023:10:31:02 -0300] "GET /phpmyadmin/db_structure.php?server=1&db=gameon&token=824f716736950af15213b2d6a215cc3e&ajax_request=true&ajax_page_request=true&menuHashes=d2cb1ed5-37e3d1f4-8974f039&_nocache=1685453462542550615 HTTP/1.1" 200 29669
::1 - - [30/May/2023:10:31:02 -0300] "GET /phpmyadmin/js/get_scripts.js.php?scripts[]=db_structure.js HTTP/1.1" 200 5367
::1 - - [30/May/2023:10:31:03 -0300] "GET /phpmyadmin/sql.php?db=gameon&token=824f716736950af15213b2d6a215cc3e&goto=db_structure.php&table=campeonato&pos=0&ajax_request=true&ajax_page_request=true&menuHashes=d2cb1ed5-37e3d1f4-8974f039-a9b3d5ef&_nocache=1685453463846820917 HTTP/1.1" 200 10392
::1 - - [30/May/2023:10:31:03 -0300] "GET /phpmyadmin/index.php?ajax_request=1&recent_table=1&token=824f716736950af15213b2d6a215cc3e HTTP/1.1" 200 335
::1 - - [30/May/2023:10:31:05 -0300] "GET /phpmyadmin/tbl_structure.php?db=gameon&table=campeonato&token=824f716736950af15213b2d6a215cc3e&ajax_request=true&ajax_page_request=true&menuHashes=d2cb1ed5-37e3d1f4-8974f039-a9b3d5ef-c0e4ec17&_nocache=1685453465206616378 HTTP/1.1" 200 30039
::1 - - [30/May/2023:10:31:05 -0300] "GET /phpmyadmin/index.php?ajax_request=1&recent_table=1&token=824f716736950af15213b2d6a215cc3e HTTP/1.1" 200 335
::1 - - [30/May/2023:10:32:48 -0300] "GET /phpmyadmin/sql.php?db=gameon&table=campeonato&token=824f716736950af15213b2d6a215cc3e&pos=0&ajax_request=true&ajax_page_request=true&menuHashes=d2cb1ed5-37e3d1f4-8974f039-a9b3d5ef-c0e4ec17-4b638e48&_nocache=1685453568086502033 HTTP/1.1" 200 7275
::1 - - [30/May/2023:10:32:48 -0300] "GET /phpmyadmin/index.php?ajax_request=1&recent_table=1&token=824f716736950af15213b2d6a215cc3e HTTP/1.1" 200 335
::1 - - [30/May/2023:10:32:48 -0300] "GET /phpmyadmin/tbl_structure.php?db=gameon&table=campeonato&token=824f716736950af15213b2d6a215cc3e&ajax_request=true&ajax_page_request=true&menuHashes=d2cb1ed5-37e3d1f4-8974f039-a9b3d5ef-c0e4ec17-4b638e48&_nocache=1685453568749618652 HTTP/1.1" 200 26922
::1 - - [30/May/2023:10:32:48 -0300] "GET /phpmyadmin/index.php?ajax_request=1&recent_table=1&token=824f716736950af15213b2d6a215cc3e HTTP/1.1" 200 335
::1 - - [30/May/2023:10:32:50 -0300] "GET /phpmyadmin/tbl_sql.php?db=gameon&table=campeonato&token=824f716736950af15213b2d6a215cc3e&ajax_request=true&ajax_page_request=true&menuHashes=d2cb1ed5-37e3d1f4-8974f039-a9b3d5ef-c0e4ec17-4b638e48&_nocache=1685453570349808292 HTTP/1.1" 200 8352
::1 - - [30/May/2023:10:32:50 -0300] "GET /phpmyadmin/index.php?ajax_request=1&recent_table=1&token=824f716736950af15213b2d6a215cc3e HTTP/1.1" 200 335
::1 - - [30/May/2023:10:33:43 -0300] "POST /phpmyadmin/import.php HTTP/1.1" 200 3449
::1 - - [30/May/2023:10:33:45 -0300] "GET /phpmyadmin/sql.php?db=gameon&table=campeonato&token=824f716736950af15213b2d6a215cc3e&pos=0&ajax_request=true&ajax_page_request=true&menuHashes=d2cb1ed5-37e3d1f4-8974f039-a9b3d5ef-c0e4ec17-4b638e48-3ab3bae9&_nocache=1685453625629121709 HTTP/1.1" 200 17332
::1 - - [30/May/2023:10:33:45 -0300] "GET /phpmyadmin/index.php?ajax_request=1&recent_table=1&token=824f716736950af15213b2d6a215cc3e HTTP/1.1" 200 335
::1 - - [30/May/2023:10:33:50 -0300] "GET /phpmyadmin/tbl_select.php?db=gameon&table=campeonato&token=824f716736950af15213b2d6a215cc3e&ajax_request=true&ajax_page_request=true&menuHashes=d2cb1ed5-37e3d1f4-8974f039-a9b3d5ef-c0e4ec17-4b638e48-3ab3bae9&_nocache=168545363084613751 HTTP/1.1" 200 12470
::1 - - [30/May/2023:10:33:51 -0300] "GET /phpmyadmin/js/get_scripts.js.php?scripts[]=tbl_select.js HTTP/1.1" 200 3440
::1 - - [30/May/2023:10:33:51 -0300] "GET /phpmyadmin/index.php?ajax_request=1&recent_table=1&token=824f716736950af15213b2d6a215cc3e HTTP/1.1" 200 335
::1 - - [30/May/2023:10:33:51 -0300] "GET /phpmyadmin/tbl_sql.php?db=gameon&table=campeonato&token=824f716736950af15213b2d6a215cc3e&ajax_request=true&ajax_page_request=true&menuHashes=37e3d1f4-8974f039-a9b3d5ef-c0e4ec17-4b638e48-3ab3bae9-b537f8e1&_nocache=1685453631325804104 HTTP/1.1" 200 5235
::1 - - [30/May/2023:10:33:51 -0300] "GET /phpmyadmin/index.php?ajax_request=1&recent_table=1&token=824f716736950af15213b2d6a215cc3e HTTP/1.1" 200 335
::1 - - [30/May/2023:10:34:27 -0300] "POST /phpmyadmin/import.php HTTP/1.1" 200 3529
::1 - - [30/May/2023:10:34:28 -0300] "GET /phpmyadmin/sql.php?db=gameon&table=campeonato&token=824f716736950af15213b2d6a215cc3e&pos=0&ajax_request=true&ajax_page_request=true&menuHashes=37e3d1f4-8974f039-a9b3d5ef-c0e4ec17-4b638e48-3ab3bae9-b537f8e1&_nocache=1685453668605917087 HTTP/1.1" 200 21091
::1 - - [30/May/2023:10:34:28 -0300] "GET /phpmyadmin/index.php?ajax_request=1&recent_table=1&token=824f716736950af15213b2d6a215cc3e HTTP/1.1" 200 335
::1 - - [30/May/2023:10:43:16 -0300] "GET /phpmyadmin/sql.php?db=gameon&table=campeonato&token=824f716736950af15213b2d6a215cc3e&pos=0&ajax_request=true&ajax_page_request=true&menuHashes=37e3d1f4-8974f039-a9b3d5ef-c0e4ec17-4b638e48-3ab3bae9-b537f8e1&_nocache=1685454196278744390 HTTP/1.1" 200 21091
::1 - - [30/May/2023:10:43:16 -0300] "GET /phpmyadmin/index.php?ajax_request=1&recent_table=1&token=824f716736950af15213b2d6a215cc3e HTTP/1.1" 200 335
::1 - - [30/May/2023:10:43:17 -0300] "GET /phpmyadmin/db_structure.php?server=1&db=gameon&token=824f716736950af15213b2d6a215cc3e&ajax_request=true&ajax_page_request=true&menuHashes=37e3d1f4-8974f039-a9b3d5ef-c0e4ec17-4b638e48-3ab3bae9-b537f8e1&_nocache=1685454197638518134 HTTP/1.1" 200 26454
::1 - - [30/May/2023:10:43:19 -0300] "GET /phpmyadmin/sql.php?db=gameon&token=824f716736950af15213b2d6a215cc3e&goto=db_structure.php&table=times&pos=0&ajax_request=true&ajax_page_request=true&menuHashes=37e3d1f4-8974f039-a9b3d5ef-c0e4ec17-4b638e48-3ab3bae9-b537f8e1&_nocache=1685454199974664979 HTTP/1.1" 200 10192
::1 - - [30/May/2023:10:43:20 -0300] "GET /phpmyadmin/index.php?ajax_request=1&recent_table=1&token=824f716736950af15213b2d6a215cc3e HTTP/1.1" 200 451
::1 - - [30/May/2023:10:43:21 -0300] "GET /phpmyadmin/tbl_structure.php?db=gameon&table=times&token=824f716736950af15213b2d6a215cc3e&ajax_request=true&ajax_page_request=true&menuHashes=8974f039-a9b3d5ef-c0e4ec17-4b638e48-3ab3bae9-b537f8e1-dfb3b2ba&_nocache=1685454201181681842 HTTP/1.1" 200 29632
::1 - - [30/May/2023:10:43:21 -0300] "GET /phpmyadmin/index.php?ajax_request=1&recent_table=1&token=824f716736950af15213b2d6a215cc3e HTTP/1.1" 200 451
::1 - - [30/May/2023:10:43:46 -0300] "GET /phpmyadmin/tbl_sql.php?db=gameon&table=times&token=824f716736950af15213b2d6a215cc3e&ajax_request=true&ajax_page_request=true&menuHashes=a9b3d5ef-c0e4ec17-4b638e48-3ab3bae9-b537f8e1-dfb3b2ba-3317680f&_nocache=1685454226933266002 HTTP/1.1" 200 8259
::1 - - [30/May/2023:10:43:47 -0300] "GET /phpmyadmin/index.php?ajax_request=1&recent_table=1&token=824f716736950af15213b2d6a215cc3e HTTP/1.1" 200 451
::1 - - [30/May/2023:10:44:24 -0300] "POST /phpmyadmin/import.php HTTP/1.1" 200 3244
::1 - - [30/May/2023:10:44:26 -0300] "GET /phpmyadmin/sql.php?db=gameon&table=times&token=824f716736950af15213b2d6a215cc3e&pos=0&ajax_request=true&ajax_page_request=true&menuHashes=c0e4ec17-4b638e48-3ab3bae9-b537f8e1-dfb3b2ba-3317680f-6aa5adfa&_nocache=1685454266637619910 HTTP/1.1" 200 17020
::1 - - [30/May/2023:10:44:26 -0300] "GET /phpmyadmin/index.php?ajax_request=1&recent_table=1&token=824f716736950af15213b2d6a215cc3e HTTP/1.1" 200 451
::1 - - [30/May/2023:10:44:30 -0300] "GET /phpmyadmin/tbl_export.php?db=gameon&table=times&token=824f716736950af15213b2d6a215cc3e&single_table=true&ajax_request=true&ajax_page_request=true&menuHashes=c0e4ec17-4b638e48-3ab3bae9-b537f8e1-dfb3b2ba-3317680f-6aa5adfa&_nocache=1685454270029542499 HTTP/1.1" 200 36304
::1 - - [30/May/2023:10:44:30 -0300] "GET /phpmyadmin/js/get_scripts.js.php?scripts[]=export.js HTTP/1.1" 200 5954
::1 - - [30/May/2023:10:44:30 -0300] "GET /phpmyadmin/index.php?ajax_request=1&recent_table=1&token=824f716736950af15213b2d6a215cc3e HTTP/1.1" 200 451
::1 - - [30/May/2023:10:44:30 -0300] "GET /phpmyadmin/tbl_change.php?db=gameon&table=times&token=824f716736950af15213b2d6a215cc3e&ajax_request=true&ajax_page_request=true&menuHashes=4b638e48-3ab3bae9-b537f8e1-dfb3b2ba-3317680f-6aa5adfa-061e6232&_nocache=1685454270797977146 HTTP/1.1" 200 33486
::1 - - [30/May/2023:10:44:30 -0300] "GET /phpmyadmin/index.php?ajax_request=1&recent_table=1&token=824f716736950af15213b2d6a215cc3e HTTP/1.1" 200 451
::1 - - [30/May/2023:10:44:32 -0300] "GET /phpmyadmin/tbl_select.php?db=gameon&table=times&token=824f716736950af15213b2d6a215cc3e&ajax_request=true&ajax_page_request=true&menuHashes=3ab3bae9-b537f8e1-dfb3b2ba-3317680f-6aa5adfa-061e6232-b579f11e&_nocache=1685454272845571526 HTTP/1.1" 200 12354
::1 - - [30/May/2023:10:44:32 -0300] "GET /phpmyadmin/index.php?ajax_request=1&recent_table=1&token=824f716736950af15213b2d6a215cc3e HTTP/1.1" 200 451
::1 - - [30/May/2023:10:44:33 -0300] "GET /phpmyadmin/tbl_sql.php?db=gameon&table=times&token=824f716736950af15213b2d6a215cc3e&ajax_request=true&ajax_page_request=true&menuHashes=b537f8e1-dfb3b2ba-3317680f-6aa5adfa-061e6232-b579f11e-b4aafac0&_nocache=1685454273413952673 HTTP/1.1" 200 5197
::1 - - [30/May/2023:10:44:33 -0300] "GET /phpmyadmin/index.php?ajax_request=1&recent_table=1&token=824f716736950af15213b2d6a215cc3e HTTP/1.1" 200 451
::1 - - [30/May/2023:10:45:08 -0300] "POST /phpmyadmin/import.php HTTP/1.1" 200 3304
::1 - - [30/May/2023:10:45:10 -0300] "GET /phpmyadmin/sql.php?db=gameon&table=times&token=824f716736950af15213b2d6a215cc3e&pos=0&ajax_request=true&ajax_page_request=true&menuHashes=b537f8e1-dfb3b2ba-3317680f-6aa5adfa-061e6232-b579f11e-b4aafac0&_nocache=1685454310509863616 HTTP/1.1" 200 20592
::1 - - [30/May/2023:10:45:10 -0300] "GET /phpmyadmin/index.php?ajax_request=1&recent_table=1&token=824f716736950af15213b2d6a215cc3e HTTP/1.1" 200 451
::1 - - [30/May/2023:10:48:39 -0300] "GET /phpmyadmin/db_structure.php?server=1&db=gameon&token=824f716736950af15213b2d6a215cc3e&ajax_request=true&ajax_page_request=true&menuHashes=b537f8e1-dfb3b2ba-3317680f-6aa5adfa-061e6232-b579f11e-b4aafac0&_nocache=1685454519518304153 HTTP/1.1" 200 29663
::1 - - [30/May/2023:10:48:40 -0300] "GET /phpmyadmin/sql.php?db=gameon&token=824f716736950af15213b2d6a215cc3e&goto=db_structure.php&table=jogador&pos=0&ajax_request=true&ajax_page_request=true&menuHashes=dfb3b2ba-3317680f-6aa5adfa-061e6232-b579f11e-b4aafac0-a9b3d5ef&_nocache=1685454520638308014 HTTP/1.1" 200 10272
::1 - - [30/May/2023:10:48:40 -0300] "GET /phpmyadmin/index.php?ajax_request=1&recent_table=1&token=824f716736950af15213b2d6a215cc3e HTTP/1.1" 200 571
::1 - - [30/May/2023:10:48:44 -0300] "GET /phpmyadmin/tbl_structure.php?db=gameon&table=jogador&token=824f716736950af15213b2d6a215cc3e&ajax_request=true&ajax_page_request=true&menuHashes=3317680f-6aa5adfa-061e6232-b579f11e-b4aafac0-a9b3d5ef-0e1a92ed&_nocache=1685454524125890754 HTTP/1.1" 200 33488
::1 - - [30/May/2023:10:48:44 -0300] "GET /phpmyadmin/index.php?ajax_request=1&recent_table=1&token=824f716736950af15213b2d6a215cc3e HTTP/1.1" 200 571
::1 - - [30/May/2023:10:48:45 -0300] "GET /phpmyadmin/tbl_sql.php?db=gameon&table=jogador&token=824f716736950af15213b2d6a215cc3e&ajax_request=true&ajax_page_request=true&menuHashes=6aa5adfa-061e6232-b579f11e-b4aafac0-a9b3d5ef-0e1a92ed-620d2162&_nocache=168545452585323351 HTTP/1.1" 200 8343
::1 - - [30/May/2023:10:48:45 -0300] "GET /phpmyadmin/index.php?ajax_request=1&recent_table=1&token=824f716736950af15213b2d6a215cc3e HTTP/1.1" 200 571
::1 - - [30/May/2023:10:49:48 -0300] "POST /phpmyadmin/import.php HTTP/1.1" 200 3653
::1 - - [30/May/2023:10:49:50 -0300] "GET /phpmyadmin/tbl_sql.php?db=gameon&table=jogador&token=824f716736950af15213b2d6a215cc3e&ajax_request=true&ajax_page_request=true&menuHashes=061e6232-b579f11e-b4aafac0-a9b3d5ef-0e1a92ed-620d2162-ad9b8a1e&_nocache=1685454590012349420 HTTP/1.1" 200 5259
::1 - - [30/May/2023:10:49:50 -0300] "GET /phpmyadmin/index.php?ajax_request=1&recent_table=1&token=824f716736950af15213b2d6a215cc3e HTTP/1.1" 200 571
::1 - - [30/May/2023:10:50:10 -0300] "POST /phpmyadmin/import.php HTTP/1.1" 200 3588
::1 - - [30/May/2023:10:50:12 -0300] "GET /phpmyadmin/tbl_sql.php?db=gameon&table=jogador&token=824f716736950af15213b2d6a215cc3e&ajax_request=true&ajax_page_request=true&menuHashes=061e6232-b579f11e-b4aafac0-a9b3d5ef-0e1a92ed-620d2162-ad9b8a1e&_nocache=1685454612052859868 HTTP/1.1" 200 5259
::1 - - [30/May/2023:10:50:12 -0300] "GET /phpmyadmin/index.php?ajax_request=1&recent_table=1&token=824f716736950af15213b2d6a215cc3e HTTP/1.1" 200 571
::1 - - [30/May/2023:10:52:12 -0300] "POST /phpmyadmin/import.php HTTP/1.1" 200 4134
::1 - - [30/May/2023:10:52:18 -0300] "GET /phpmyadmin/sql.php?db=gameon&table=jogador&token=824f716736950af15213b2d6a215cc3e&pos=0&ajax_request=true&ajax_page_request=true&menuHashes=061e6232-b579f11e-b4aafac0-a9b3d5ef-0e1a92ed-620d2162-ad9b8a1e&_nocache=1685454738590374418 HTTP/1.1" 200 21216
::1 - - [30/May/2023:10:52:18 -0300] "GET /phpmyadmin/index.php?ajax_request=1&recent_table=1&token=824f716736950af15213b2d6a215cc3e HTTP/1.1" 200 571
::1 - - [30/May/2023:10:52:32 -0300] "GET /phpmyadmin/tbl_sql.php?db=gameon&table=jogador&token=824f716736950af15213b2d6a215cc3e&ajax_request=true&ajax_page_request=true&menuHashes=061e6232-b579f11e-b4aafac0-a9b3d5ef-0e1a92ed-620d2162-ad9b8a1e&_nocache=1685454752102944466 HTTP/1.1" 200 5259
::1 - - [30/May/2023:10:52:32 -0300] "GET /phpmyadmin/index.php?ajax_request=1&recent_table=1&token=824f716736950af15213b2d6a215cc3e HTTP/1.1" 200 571
::1 - - [30/May/2023:10:53:11 -0300] "POST /phpmyadmin/import.php HTTP/1.1" 200 4134
::1 - - [30/May/2023:10:53:31 -0300] "POST /phpmyadmin/import.php HTTP/1.1" 200 4164
::1 - - [30/May/2023:10:53:35 -0300] "GET /phpmyadmin/url.php?url=http%3A%2F%2Fdev.mysql.com%2Fdoc%2Frefman%2F5.6%2Fen%2Fcomparison-operators.html%23operator_equal&token=824f716736950af15213b2d6a215cc3e HTTP/1.1" 302 11002
::1 - - [30/May/2023:10:54:52 -0300] "GET /phpmyadmin/sql.php?db=gameon&table=jogador&token=824f716736950af15213b2d6a215cc3e&pos=0&ajax_request=true&ajax_page_request=true&menuHashes=061e6232-b579f11e-b4aafac0-a9b3d5ef-0e1a92ed-620d2162-ad9b8a1e&_nocache=1685454892252279531 HTTP/1.1" 200 21216
::1 - - [30/May/2023:10:54:52 -0300] "GET /phpmyadmin/index.php?ajax_request=1&recent_table=1&token=824f716736950af15213b2d6a215cc3e HTTP/1.1" 200 571
::1 - - [30/May/2023:11:01:46 -0300] "GET /phpmyadmin/db_structure.php?server=1&db=gameon&token=824f716736950af15213b2d6a215cc3e&ajax_request=true&ajax_page_request=true&menuHashes=061e6232-b579f11e-b4aafac0-a9b3d5ef-0e1a92ed-620d2162-ad9b8a1e&_nocache=1685455306093898646 HTTP/1.1" 200 26448
::1 - - [30/May/2023:11:01:47 -0300] "GET /phpmyadmin/sql.php?db=gameon&token=824f716736950af15213b2d6a215cc3e&goto=db_structure.php&table=times&pos=0&ajax_request=true&ajax_page_request=true&menuHashes=061e6232-b579f11e-b4aafac0-a9b3d5ef-0e1a92ed-620d2162-ad9b8a1e&_nocache=1685455307549272300 HTTP/1.1" 200 23654
::1 - - [30/May/2023:11:01:47 -0300] "GET /phpmyadmin/index.php?ajax_request=1&recent_table=1&token=824f716736950af15213b2d6a215cc3e HTTP/1.1" 200 571
::1 - - [30/May/2023:11:04:58 -0300] "GET /phpmyadmin/db_operations.php?server=1&db=gameon&token=824f716736950af15213b2d6a215cc3e&ajax_request=true&ajax_page_request=true&menuHashes=b579f11e-b4aafac0-a9b3d5ef-0e1a92ed-620d2162-ad9b8a1e-dfb3b2ba&_nocache=1685455498221355007 HTTP/1.1" 200 42103
::1 - - [30/May/2023:11:04:58 -0300] "GET /phpmyadmin/js/get_scripts.js.php?scripts[]=db_operations.js HTTP/1.1" 200 1854
::1 - - [30/May/2023:11:04:58 -0300] "GET /phpmyadmin/db_structure.php?server=1&db=gameon&token=824f716736950af15213b2d6a215cc3e&ajax_request=true&ajax_page_request=true&menuHashes=b4aafac0-a9b3d5ef-0e1a92ed-620d2162-ad9b8a1e-dfb3b2ba-9e02a9ac&_nocache=1685455498575400142 HTTP/1.1" 200 26448
::1 - - [30/May/2023:11:08:43 -0300] "GET /phpmyadmin/sql.php?db=gameon&token=824f716736950af15213b2d6a215cc3e&goto=db_structure.php&table=jogador&pos=0&ajax_request=true&ajax_page_request=true&menuHashes=b4aafac0-a9b3d5ef-0e1a92ed-620d2162-ad9b8a1e-dfb3b2ba-9e02a9ac&_nocache=1685455723260993103 HTTP/1.1" 200 21216
::1 - - [30/May/2023:11:08:43 -0300] "GET /phpmyadmin/index.php?ajax_request=1&recent_table=1&token=824f716736950af15213b2d6a215cc3e HTTP/1.1" 200 571
::1 - - [30/May/2023:11:08:47 -0300] "GET /phpmyadmin/tbl_change.php?db=gameon&table=jogador&where_clause=%60jogador%60.%60id%60+%3D+1&clause_is_unique=1&sql_query=SELECT+%2A+FROM+%60jogador%60&goto=sql.php&default_action=update&token=824f716736950af15213b2d6a215cc3e&ajax_request=true&ajax_page_request=true&menuHashes=b4aafac0-a9b3d5ef-0e1a92ed-620d2162-ad9b8a1e-dfb3b2ba-9e02a9ac&_nocache=1685455727181467682 HTTP/1.1" 200 24864
::1 - - [30/May/2023:11:08:47 -0300] "GET /phpmyadmin/index.php?ajax_request=1&recent_table=1&token=824f716736950af15213b2d6a215cc3e HTTP/1.1" 200 571
::1 - - [30/May/2023:11:08:50 -0300] "POST /phpmyadmin/tbl_replace.php HTTP/1.1" 200 24257
::1 - - [30/May/2023:11:08:51 -0300] "GET /phpmyadmin/index.php?ajax_request=1&recent_table=1&token=824f716736950af15213b2d6a215cc3e HTTP/1.1" 200 571
::1 - - [30/May/2023:11:08:53 -0300] "GET /phpmyadmin/tbl_change.php?db=gameon&table=jogador&where_clause=%60jogador%60.%60id%60+%3D+2&clause_is_unique=1&sql_query=SELECT+%2A+FROM+%60jogador%60&goto=sql.php&default_action=update&token=824f716736950af15213b2d6a215cc3e&ajax_request=true&ajax_page_request=true&menuHashes=a9b3d5ef-0e1a92ed-620d2162-ad9b8a1e-dfb3b2ba-9e02a9ac-2a27e058&_nocache=1685455733053673514 HTTP/1.1" 200 21741
::1 - - [30/May/2023:11:08:53 -0300] "GET /phpmyadmin/index.php?ajax_request=1&recent_table=1&token=824f716736950af15213b2d6a215cc3e HTTP/1.1" 200 571
::1 - - [30/May/2023:11:08:54 -0300] "POST /phpmyadmin/tbl_replace.php HTTP/1.1" 200 24249
::1 - - [30/May/2023:11:08:55 -0300] "GET /phpmyadmin/index.php?ajax_request=1&recent_table=1&token=824f716736950af15213b2d6a215cc3e HTTP/1.1" 200 571
::1 - - [30/May/2023:11:09:46 -0300] "GET /phpmyadmin/db_structure.php?server=1&db=gameon&token=824f716736950af15213b2d6a215cc3e&ajax_request=true&ajax_page_request=true&menuHashes=a9b3d5ef-0e1a92ed-620d2162-ad9b8a1e-dfb3b2ba-9e02a9ac-2a27e058&_nocache=1685455786284188659 HTTP/1.1" 200 26448
::1 - - [30/May/2023:11:09:47 -0300] "GET /phpmyadmin/sql.php?db=gameon&token=824f716736950af15213b2d6a215cc3e&goto=db_structure.php&table=times&pos=0&ajax_request=true&ajax_page_request=true&menuHashes=a9b3d5ef-0e1a92ed-620d2162-ad9b8a1e-dfb3b2ba-9e02a9ac-2a27e058&_nocache=1685455787860484564 HTTP/1.1" 200 20592
::1 - - [30/May/2023:11:09:47 -0300] "GET /phpmyadmin/index.php?ajax_request=1&recent_table=1&token=824f716736950af15213b2d6a215cc3e HTTP/1.1" 200 571
::1 - - [30/May/2023:13:54:51 -0300] "GET /phpmyadmin/db_structure.php?server=1&db=gameon&token=824f716736950af15213b2d6a215cc3e&ajax_request=true&ajax_page_request=true&menuHashes=a9b3d5ef-0e1a92ed-620d2162-ad9b8a1e-dfb3b2ba-9e02a9ac-2a27e058&_nocache=1685465691840996237 HTTP/1.1" 200 325
::1 - - [30/May/2023:13:54:55 -0300] "GET /phpmyadmin/db_structure.php?server=1&db=gameon&token=824f716736950af15213b2d6a215cc3e&ajax_request=true&ajax_page_request=true&menuHashes=a9b3d5ef-0e1a92ed-620d2162-ad9b8a1e-dfb3b2ba-9e02a9ac-2a27e058&_nocache=1685465695421409565 HTTP/1.1" 200 325
::1 - - [30/May/2023:13:54:56 -0300] "GET /phpmyadmin/index.php?db=gameon&table=admin&target=sql.php&token=824f716736950af15213b2d6a215cc3e HTTP/1.1" 200 8363
::1 - - [30/May/2023:13:54:56 -0300] "GET /phpmyadmin/themes/pmahomme/jquery/jquery-ui-1.9.2.custom.css HTTP/1.1" 304 -
::1 - - [30/May/2023:13:54:56 -0300] "GET /phpmyadmin/phpmyadmin.css.php?server=1&token=824f716736950af15213b2d6a215cc3e&nocache=5056351264ltr HTTP/1.1" 200 92653
::1 - - [30/May/2023:13:54:56 -0300] "GET /phpmyadmin/js/get_image.js.php?theme=pmahomme HTTP/1.1" 200 6364
::1 - - [30/May/2023:13:54:56 -0300] "GET /phpmyadmin/js/messages.php?lang=pt&db=gameon&server=0&token=824f716736950af15213b2d6a215cc3e HTTP/1.1" 200 18108
::1 - - [30/May/2023:13:54:57 -0300] "GET /phpmyadmin/themes/pmahomme/img/logo_right.png HTTP/1.1" 304 -
::1 - - [30/May/2023:13:54:57 -0300] "GET /phpmyadmin/themes/dot.gif HTTP/1.1" 304 -
::1 - - [30/May/2023:13:54:56 -0300] "GET /phpmyadmin/js/get_scripts.js.php?scripts[]=jquery/jquery-1.8.3.js&scripts[]=ajax.js&scripts[]=keyhandler.js&scripts[]=jquery/jquery-ui-1.9.2.custom.js&scripts[]=jquery/jquery.sprintf.js&scripts[]=jquery/jquery.cookie.js&scripts[]=jquery/jquery.mousewheel.js&scripts[]=jquery/jquery.event.drag-2.2.js&scripts[]=jquery/jquery-ui-timepicker-addon.js&scripts[]=jquery/jquery.ba-hashchange-1.3.js&scripts[]=jquery/jquery.debounce-1.0.5.js&scripts[]=jquery/jquery.menuResizer-1.0.js&scripts[]=rte.js&scripts[]=functions.js&scripts[]=navigation.js&scripts[]=indexes.js&scripts[]=common.js&scripts[]=codemirror/lib/codemirror.js&scripts[]=codemirror/mode/mysql/mysql.js HTTP/1.1" 200 578621
::1 - - [30/May/2023:13:54:57 -0300] "GET /phpmyadmin/sql.php?db=gameon&table=times&server=1&target=&token=824f716736950af15213b2d6a215cc3e HTTP/1.1" 200 8328
::1 - - [30/May/2023:13:54:57 -0300] "GET /phpmyadmin/js/get_image.js.php?theme=pmahomme HTTP/1.1" 200 6364
::1 - - [30/May/2023:13:54:57 -0300] "GET /phpmyadmin/js/messages.php?lang=pt&db=gameon&token=824f716736950af15213b2d6a215cc3e HTTP/1.1" 200 18108
::1 - - [30/May/2023:13:54:57 -0300] "GET /phpmyadmin/themes/pmahomme/img/sprites.png HTTP/1.1" 304 -
::1 - - [30/May/2023:13:54:57 -0300] "GET /phpmyadmin/favicon.ico HTTP/1.1" 304 -
::1 - - [30/May/2023:13:54:58 -0300] "POST /phpmyadmin/index.php HTTP/1.1" 302 -
::1 - - [30/May/2023:13:54:58 -0300] "GET /phpmyadmin/index.php?db=gameon&table=times&target=sql.php&token=824f716736950af15213b2d6a215cc3e HTTP/1.1" 200 29839
::1 - - [30/May/2023:13:54:59 -0300] "GET /phpmyadmin/js/get_scripts.js.php?scripts[]=jquery/jquery-1.8.3.js&scripts[]=ajax.js&scripts[]=keyhandler.js&scripts[]=jquery/jquery-ui-1.9.2.custom.js&scripts[]=jquery/jquery.sprintf.js&scripts[]=jquery/jquery.cookie.js&scripts[]=jquery/jquery.mousewheel.js&scripts[]=jquery/jquery.event.drag-2.2.js&scripts[]=jquery/jquery-ui-timepicker-addon.js&scripts[]=jquery/jquery.ba-hashchange-1.3.js&scripts[]=jquery/jquery.debounce-1.0.5.js&scripts[]=jquery/jquery.menuResizer-1.0.js&scripts[]=rte.js&scripts[]=functions.js&scripts[]=navigation.js&scripts[]=indexes.js&scripts[]=common.js&scripts[]=tbl_change.js&scripts[]=tbl_structure.js&scripts[]=gis_data_editor.js&scripts[]=makegrid.js&scripts[]=sql.js&scripts[]=codemirror/lib/codemirror.js&scripts[]=codemirror/mode/mysql/mysql.js HTTP/1.1" 200 635923
::1 - - [30/May/2023:13:54:59 -0300] "GET /phpmyadmin/phpmyadmin.css.php?server=1&token=824f716736950af15213b2d6a215cc3e&nocache=6741333147ltr HTTP/1.1" 200 92653
::1 - - [30/May/2023:13:54:59 -0300] "GET /phpmyadmin/themes/pmahomme/img/logo_left.png HTTP/1.1" 304 -
::1 - - [30/May/2023:13:54:59 -0300] "GET /phpmyadmin/themes/pmahomme/img/ajax_clock_small.gif HTTP/1.1" 304 -
::1 - - [30/May/2023:13:54:59 -0300] "GET /phpmyadmin/themes/pmahomme/img/s_fulltext.png HTTP/1.1" 304 -
::1 - - [30/May/2023:13:54:59 -0300] "GET /phpmyadmin/js/messages.php?lang=pt&db=gameon&server=0&token=824f716736950af15213b2d6a215cc3e HTTP/1.1" 200 18108
::1 - - [30/May/2023:13:54:59 -0300] "GET /phpmyadmin/themes/pmahomme/img/arrow_ltr.png HTTP/1.1" 304 -
::1 - - [30/May/2023:13:54:59 -0300] "GET /phpmyadmin/themes/pmahomme/img/left_nav_bg.png HTTP/1.1" 304 -
::1 - - [30/May/2023:13:54:59 -0300] "GET /phpmyadmin/themes/pmahomme/img/col_pointer.png HTTP/1.1" 304 -
::1 - - [30/May/2023:13:54:59 -0300] "GET /phpmyadmin/themes/pmahomme/img/col_drop.png HTTP/1.1" 304 -
::1 - - [30/May/2023:13:54:59 -0300] "GET /phpmyadmin/index.php?ajax_request=1&recent_table=1&token=824f716736950af15213b2d6a215cc3e HTTP/1.1" 200 571
::1 - - [30/May/2023:13:55:02 -0300] "GET /phpmyadmin/tbl_structure.php?db=gameon&table=times&token=824f716736950af15213b2d6a215cc3e&ajax_request=true&ajax_page_request=true&menuHashes=7f4de821&_nocache=1685465702123341295 HTTP/1.1" 200 29632
::1 - - [30/May/2023:13:55:02 -0300] "GET /phpmyadmin/index.php?ajax_request=1&recent_table=1&token=824f716736950af15213b2d6a215cc3e HTTP/1.1" 200 571
::1 - - [30/May/2023:13:55:02 -0300] "GET /phpmyadmin/tbl_sql.php?db=gameon&table=times&token=824f716736950af15213b2d6a215cc3e&ajax_request=true&ajax_page_request=true&menuHashes=7f4de821-3317680f&_nocache=1685465702596289368 HTTP/1.1" 200 8259
::1 - - [30/May/2023:13:55:02 -0300] "GET /phpmyadmin/index.php?ajax_request=1&recent_table=1&token=824f716736950af15213b2d6a215cc3e HTTP/1.1" 200 571
::1 - - [30/May/2023:13:55:03 -0300] "GET /phpmyadmin/tbl_structure.php?db=gameon&table=times&token=824f716736950af15213b2d6a215cc3e&ajax_request=true&ajax_page_request=true&menuHashes=7f4de821-3317680f-6aa5adfa&_nocache=1685465703302584969 HTTP/1.1" 200 26570
::1 - - [30/May/2023:13:55:03 -0300] "GET /phpmyadmin/index.php?ajax_request=1&recent_table=1&token=824f716736950af15213b2d6a215cc3e HTTP/1.1" 200 571
::1 - - [30/May/2023:13:55:04 -0300] "GET /phpmyadmin/tbl_sql.php?db=gameon&table=times&token=824f716736950af15213b2d6a215cc3e&ajax_request=true&ajax_page_request=true&menuHashes=7f4de821-3317680f-6aa5adfa&_nocache=1685465704020967070 HTTP/1.1" 200 5197
::1 - - [30/May/2023:13:55:04 -0300] "GET /phpmyadmin/index.php?ajax_request=1&recent_table=1&token=824f716736950af15213b2d6a215cc3e HTTP/1.1" 200 571
::1 - - [30/May/2023:13:56:05 -0300] "POST /phpmyadmin/import.php HTTP/1.1" 200 16277
