2023-03-02 14:20:17 4328 [Note] Plugin 'FEDERATED' is disabled.
2023-03-02 14:20:17 4328 [Note] InnoDB: The InnoDB memory heap is disabled
2023-03-02 14:20:17 4328 [Note] InnoDB: Mutexes and rw_locks use Windows interlocked functions
2023-03-02 14:20:17 4328 [Note] InnoDB: Compressed tables use zlib 1.2.3
2023-03-02 14:20:17 4328 [Note] InnoDB: Not using CPU crc32 instructions
2023-03-02 14:20:17 4328 [Note] InnoDB: Initializing buffer pool, size = 128.0M
2023-03-02 14:20:17 4328 [Note] InnoDB: Completed initialization of buffer pool
2023-03-02 14:20:17 6936 [Note] Plugin 'FEDERATED' is disabled.
2023-03-02 14:20:17 6936 [Note] InnoDB: The InnoDB memory heap is disabled
2023-03-02 14:20:17 6936 [Note] InnoDB: Mutexes and rw_locks use Windows interlocked functions
2023-03-02 14:20:17 6936 [Note] InnoDB: Compressed tables use zlib 1.2.3
2023-03-02 14:20:17 6936 [Note] InnoDB: Not using CPU crc32 instructions
2023-03-02 14:20:17 6936 [Note] InnoDB: Initializing buffer pool, size = 128.0M
2023-03-02 14:20:17 6936 [Note] InnoDB: Completed initialization of buffer pool
2023-03-02 14:20:17 6936 [ERROR] InnoDB: E:\FACUL\Linguagens de Programação\USBWebserver v8.6\mysql\data\ib_logfile0 can't be opened in read-write mode
2023-03-02 14:20:17 6936 [ERROR] Plugin 'InnoDB' init function returned error.
2023-03-02 14:20:17 6936 [ERROR] Plugin 'InnoDB' registration as a STORAGE ENGINE failed.
2023-03-02 14:20:17 6936 [ERROR] Unknown/unsupported storage engine: InnoDB
2023-03-02 14:20:17 6936 [ERROR] Aborting

2023-03-02 14:20:17 6936 [Note] Binlog end
2023-03-02 14:20:17 6936 [Note] Shutting down plugin 'partition'
2023-03-02 14:20:17 6936 [Note] Shutting down plugin 'PERFORMANCE_SCHEMA'
2023-03-02 14:20:17 6936 [Note] Shutting down plugin 'INNODB_SYS_DATAFILES'
2023-03-02 14:20:17 6936 [Note] Shutting down plugin 'INNODB_SYS_TABLESPACES'
2023-03-02 14:20:17 6936 [Note] Shutting down plugin 'INNODB_SYS_FOREIGN_COLS'
2023-03-02 14:20:17 6936 [Note] Shutting down plugin 'INNODB_SYS_FOREIGN'
2023-03-02 14:20:17 6936 [Note] Shutting down plugin 'INNODB_SYS_FIELDS'
2023-03-02 14:20:17 6936 [Note] Shutting down plugin 'INNODB_SYS_COLUMNS'
2023-03-02 14:20:17 6936 [Note] Shutting down plugin 'INNODB_SYS_INDEXES'
2023-03-02 14:20:17 6936 [Note] Shutting down plugin 'INNODB_SYS_TABLESTATS'
2023-03-02 14:20:17 6936 [Note] Shutting down plugin 'INNODB_SYS_TABLES'
2023-03-02 14:20:17 6936 [Note] Shutting down plugin 'INNODB_FT_INDEX_TABLE'
2023-03-02 14:20:17 6936 [Note] Shutting down plugin 'INNODB_FT_INDEX_CACHE'
2023-03-02 14:20:17 6936 [Note] Shutting down plugin 'INNODB_FT_CONFIG'
2023-03-02 14:20:17 6936 [Note] Shutting down plugin 'INNODB_FT_BEING_DELETED'
2023-03-02 14:20:17 6936 [Note] Shutting down plugin 'INNODB_FT_DELETED'
2023-03-02 14:20:17 6936 [Note] Shutting down plugin 'INNODB_FT_DEFAULT_STOPWORD'
2023-03-02 14:20:17 6936 [Note] Shutting down plugin 'INNODB_METRICS'
2023-03-02 14:20:17 6936 [Note] Shutting down plugin 'INNODB_BUFFER_POOL_STATS'
2023-03-02 14:20:17 6936 [Note] Shutting down plugin 'INNODB_BUFFER_PAGE_LRU'
2023-03-02 14:20:17 6936 [Note] Shutting down plugin 'INNODB_BUFFER_PAGE'
2023-03-02 14:20:17 6936 [Note] Shutting down plugin 'INNODB_CMP_PER_INDEX_RESET'
2023-03-02 14:20:17 6936 [Note] Shutting down plugin 'INNODB_CMP_PER_INDEX'
2023-03-02 14:20:17 6936 [Note] Shutting down plugin 'INNODB_CMPMEM_RESET'
2023-03-02 14:20:17 6936 [Note] Shutting down plugin 'INNODB_CMPMEM'
2023-03-02 14:20:17 6936 [Note] Shutting down plugin 'INNODB_CMP_RESET'
2023-03-02 14:20:17 6936 [Note] Shutting down plugin 'INNODB_CMP'
2023-03-02 14:20:17 6936 [Note] Shutting down plugin 'INNODB_LOCK_WAITS'
2023-03-02 14:20:17 6936 [Note] Shutting down plugin 'INNODB_LOCKS'
2023-03-02 14:20:17 6936 [Note] Shutting down plugin 'INNODB_TRX'
2023-03-02 14:20:17 6936 [Note] Shutting down plugin 'BLACKHOLE'
2023-03-02 14:20:17 6936 [Note] Shutting down plugin 'ARCHIVE'
2023-03-02 14:20:17 6936 [Note] Shutting down plugin 'MRG_MYISAM'
2023-03-02 14:20:17 6936 [Note] Shutting down plugin 'MyISAM'
2023-03-02 14:20:17 6936 [Note] Shutting down plugin 'MEMORY'
2023-03-02 14:20:17 6936 [Note] Shutting down plugin 'CSV'
2023-03-02 14:20:17 6936 [Note] Shutting down plugin 'sha256_password'
2023-03-02 14:20:17 6936 [Note] Shutting down plugin 'mysql_old_password'
2023-03-02 14:20:17 6936 [Note] Shutting down plugin 'mysql_native_password'
2023-03-02 14:20:17 6936 [Note] Shutting down plugin 'binlog'
2023-03-02 14:20:17 6936 [Note] E:\FACUL\Linguagens de Programação\USBWebserver v8.6/mysql/bin/mysqld_usbwv8.exe: Shutdown complete

2023-03-02 14:20:17 4328 [Note] InnoDB: Highest supported file format is Barracuda.
2023-03-02 14:20:17 4328 [Note] InnoDB: The log sequence numbers 1626134 and 1626134 in ibdata files do not match the log sequence number 1780080 in the ib_logfiles!
2023-03-02 14:20:17 4328 [Note] InnoDB: Database was not shutdown normally!
2023-03-02 14:20:17 4328 [Note] InnoDB: Starting crash recovery.
2023-03-02 14:20:17 4328 [Note] InnoDB: Reading tablespace information from the .ibd files...
2023-03-02 14:20:17 4328 [Note] InnoDB: Restoring possible half-written data pages 
2023-03-02 14:20:17 4328 [Note] InnoDB: from the doublewrite buffer...
2023-03-02 14:20:18 4328 [Note] InnoDB: 128 rollback segment(s) are active.
2023-03-02 14:20:18 4328 [Note] InnoDB: Waiting for purge to start
2023-03-02 14:20:18 4328 [Note] InnoDB: 5.6.13 started; log sequence number 1780080
2023-03-02 14:20:18 4328 [Note] Server hostname (bind-address): '*'; port: 3307
2023-03-02 14:20:18 4328 [Note] IPv6 is available.
2023-03-02 14:20:18 4328 [Note]   - '::' resolves to '::';
2023-03-02 14:20:18 4328 [Note] Server socket created on IP: '::'.
2023-03-21 00:29:23 21748 [Note] Plugin 'FEDERATED' is disabled.
2023-03-21 00:29:23 21748 [Note] InnoDB: The InnoDB memory heap is disabled
2023-03-21 00:29:23 21748 [Note] InnoDB: Mutexes and rw_locks use Windows interlocked functions
2023-03-21 00:29:23 21748 [Note] InnoDB: Compressed tables use zlib 1.2.3
2023-03-21 00:29:23 21748 [Note] InnoDB: Not using CPU crc32 instructions
2023-03-21 00:29:23 21748 [Note] InnoDB: Initializing buffer pool, size = 128.0M
2023-03-21 00:29:23 21748 [Note] InnoDB: Completed initialization of buffer pool
2023-03-21 00:29:23 21748 [Note] InnoDB: Highest supported file format is Barracuda.
2023-03-21 00:29:23 21748 [Note] InnoDB: The log sequence numbers 1626134 and 1626134 in ibdata files do not match the log sequence number 1780090 in the ib_logfiles!
2023-03-21 00:29:23 21748 [Note] InnoDB: Database was not shutdown normally!
2023-03-21 00:29:23 21748 [Note] InnoDB: Starting crash recovery.
2023-03-21 00:29:23 21748 [Note] InnoDB: Reading tablespace information from the .ibd files...
2023-03-21 00:29:23 21748 [Note] InnoDB: Restoring possible half-written data pages 
2023-03-21 00:29:23 21748 [Note] InnoDB: from the doublewrite buffer...
2023-03-21 00:29:23 21748 [Note] InnoDB: 128 rollback segment(s) are active.
2023-03-21 00:29:23 21748 [Note] InnoDB: Waiting for purge to start
2023-03-21 00:29:23 21748 [Note] InnoDB: 5.6.13 started; log sequence number 1780090
2023-03-21 00:29:23 21748 [Note] Server hostname (bind-address): '*'; port: 3307
2023-03-21 00:29:23 21748 [Note] IPv6 is available.
2023-03-21 00:29:23 21748 [Note]   - '::' resolves to '::';
2023-03-21 00:29:23 21748 [Note] Server socket created on IP: '::'.
2023-03-21 00:34:07 5476 [Note] Plugin 'FEDERATED' is disabled.
2023-03-21 00:34:07 5476 [Note] InnoDB: The InnoDB memory heap is disabled
2023-03-21 00:34:07 5476 [Note] InnoDB: Mutexes and rw_locks use Windows interlocked functions
2023-03-21 00:34:07 5476 [Note] InnoDB: Compressed tables use zlib 1.2.3
2023-03-21 00:34:07 5476 [Note] InnoDB: Not using CPU crc32 instructions
2023-03-21 00:34:07 5476 [Note] InnoDB: Initializing buffer pool, size = 128.0M
2023-03-21 00:34:07 5476 [Note] InnoDB: Completed initialization of buffer pool
2023-03-21 00:34:07 5476 [Note] InnoDB: Highest supported file format is Barracuda.
2023-03-21 00:34:07 5476 [Note] InnoDB: The log sequence numbers 1626134 and 1626134 in ibdata files do not match the log sequence number 1780100 in the ib_logfiles!
2023-03-21 00:34:07 5476 [Note] InnoDB: Database was not shutdown normally!
2023-03-21 00:34:07 5476 [Note] InnoDB: Starting crash recovery.
2023-03-21 00:34:07 5476 [Note] InnoDB: Reading tablespace information from the .ibd files...
2023-03-21 00:34:07 5476 [Note] InnoDB: Restoring possible half-written data pages 
2023-03-21 00:34:07 5476 [Note] InnoDB: from the doublewrite buffer...
2023-03-21 00:34:07 5476 [Note] InnoDB: 128 rollback segment(s) are active.
2023-03-21 00:34:07 5476 [Note] InnoDB: Waiting for purge to start
2023-03-21 00:34:07 5476 [Note] InnoDB: 5.6.13 started; log sequence number 1780100
2023-03-21 00:34:07 5476 [Note] Server hostname (bind-address): '*'; port: 3307
2023-03-21 00:34:07 5476 [Note] IPv6 is available.
2023-03-21 00:34:07 5476 [Note]   - '::' resolves to '::';
2023-03-21 00:34:07 5476 [Note] Server socket created on IP: '::'.
2023-04-09 15:58:35 16920 [Note] Plugin 'FEDERATED' is disabled.
2023-04-09 15:58:35 16920 [Note] InnoDB: The InnoDB memory heap is disabled
2023-04-09 15:58:35 16920 [Note] InnoDB: Mutexes and rw_locks use Windows interlocked functions
2023-04-09 15:58:35 16920 [Note] InnoDB: Compressed tables use zlib 1.2.3
2023-04-09 15:58:35 16920 [Note] InnoDB: Not using CPU crc32 instructions
2023-04-09 15:58:35 16920 [Note] InnoDB: Initializing buffer pool, size = 128.0M
2023-04-09 15:58:35 16920 [Note] InnoDB: Completed initialization of buffer pool
2023-04-09 15:58:35 16920 [Note] InnoDB: Highest supported file format is Barracuda.
2023-04-09 15:58:35 16920 [Note] InnoDB: The log sequence numbers 1626134 and 1626134 in ibdata files do not match the log sequence number 1889211 in the ib_logfiles!
2023-04-09 15:58:35 16920 [Note] InnoDB: Database was not shutdown normally!
2023-04-09 15:58:35 16920 [Note] InnoDB: Starting crash recovery.
2023-04-09 15:58:35 16920 [Note] InnoDB: Reading tablespace information from the .ibd files...
2023-04-09 15:58:35 16920 [Note] InnoDB: Restoring possible half-written data pages 
2023-04-09 15:58:35 16920 [Note] InnoDB: from the doublewrite buffer...
2023-04-09 15:58:36 16920 [Note] InnoDB: 128 rollback segment(s) are active.
2023-04-09 15:58:36 16920 [Note] InnoDB: Waiting for purge to start
2023-04-09 15:58:36 16920 [Note] InnoDB: 5.6.13 started; log sequence number 1889211
2023-04-09 15:58:36 16920 [Note] Server hostname (bind-address): '*'; port: 3307
2023-04-09 15:58:36 16920 [Note] IPv6 is available.
2023-04-09 15:58:36 16920 [Note]   - '::' resolves to '::';
2023-04-09 15:58:36 16920 [Note] Server socket created on IP: '::'.
2023-04-10 12:25:34 2256 [Note] Plugin 'FEDERATED' is disabled.
2023-04-10 12:25:34 2256 [Note] InnoDB: The InnoDB memory heap is disabled
2023-04-10 12:25:34 2256 [Note] InnoDB: Mutexes and rw_locks use Windows interlocked functions
2023-04-10 12:25:34 2256 [Note] InnoDB: Compressed tables use zlib 1.2.3
2023-04-10 12:25:34 2256 [Note] InnoDB: Not using CPU crc32 instructions
2023-04-10 12:25:34 2256 [Note] InnoDB: Initializing buffer pool, size = 128.0M
2023-04-10 12:25:34 2256 [Note] InnoDB: Completed initialization of buffer pool
2023-04-10 12:25:34 2256 [Note] InnoDB: Highest supported file format is Barracuda.
2023-04-10 12:25:34 2256 [Note] InnoDB: The log sequence numbers 1626134 and 1626134 in ibdata files do not match the log sequence number 1901658 in the ib_logfiles!
2023-04-10 12:25:34 2256 [Note] InnoDB: Database was not shutdown normally!
2023-04-10 12:25:34 2256 [Note] InnoDB: Starting crash recovery.
2023-04-10 12:25:34 2256 [Note] InnoDB: Reading tablespace information from the .ibd files...
2023-04-10 12:25:35 2256 [Note] InnoDB: Restoring possible half-written data pages 
2023-04-10 12:25:35 2256 [Note] InnoDB: from the doublewrite buffer...
2023-04-10 12:25:35 2256 [Note] InnoDB: 128 rollback segment(s) are active.
2023-04-10 12:25:35 2256 [Note] InnoDB: Waiting for purge to start
2023-04-10 12:25:35 2256 [Note] InnoDB: 5.6.13 started; log sequence number 1901658
2023-04-10 12:25:35 2256 [Note] Server hostname (bind-address): '*'; port: 3307
2023-04-10 12:25:35 2256 [Note] IPv6 is available.
2023-04-10 12:25:35 2256 [Note]   - '::' resolves to '::';
2023-04-10 12:25:35 2256 [Note] Server socket created on IP: '::'.
2023-04-10 21:20:34 6240 [Note] Plugin 'FEDERATED' is disabled.
2023-04-10 21:20:34 6240 [Note] InnoDB: The InnoDB memory heap is disabled
2023-04-10 21:20:34 6240 [Note] InnoDB: Mutexes and rw_locks use Windows interlocked functions
2023-04-10 21:20:34 6240 [Note] InnoDB: Compressed tables use zlib 1.2.3
2023-04-10 21:20:34 6240 [Note] InnoDB: Not using CPU crc32 instructions
2023-04-10 21:20:34 6240 [Note] InnoDB: Initializing buffer pool, size = 128.0M
2023-04-10 21:20:34 6240 [Note] InnoDB: Completed initialization of buffer pool
2023-04-10 21:20:34 6240 [Note] InnoDB: Highest supported file format is Barracuda.
2023-04-10 21:20:34 6240 [Note] InnoDB: The log sequence numbers 1626134 and 1626134 in ibdata files do not match the log sequence number 1901668 in the ib_logfiles!
2023-04-10 21:20:34 6240 [Note] InnoDB: Database was not shutdown normally!
2023-04-10 21:20:34 6240 [Note] InnoDB: Starting crash recovery.
2023-04-10 21:20:34 6240 [Note] InnoDB: Reading tablespace information from the .ibd files...
2023-04-10 21:20:34 6240 [Note] InnoDB: Restoring possible half-written data pages 
2023-04-10 21:20:34 6240 [Note] InnoDB: from the doublewrite buffer...
2023-04-10 21:20:34 6240 [Note] InnoDB: 128 rollback segment(s) are active.
2023-04-10 21:20:34 6240 [Note] InnoDB: Waiting for purge to start
2023-04-10 21:20:34 6240 [Note] InnoDB: 5.6.13 started; log sequence number 1901668
2023-04-10 21:20:34 6240 [Note] Server hostname (bind-address): '*'; port: 3307
2023-04-10 21:20:34 6240 [Note] IPv6 is available.
2023-04-10 21:20:34 6240 [Note]   - '::' resolves to '::';
2023-04-10 21:20:34 6240 [Note] Server socket created on IP: '::'.
2023-04-14 15:05:13 21188 [Note] Plugin 'FEDERATED' is disabled.
2023-04-14 15:05:14 21188 [Note] InnoDB: The InnoDB memory heap is disabled
2023-04-14 15:05:14 21188 [Note] InnoDB: Mutexes and rw_locks use Windows interlocked functions
2023-04-14 15:05:14 21188 [Note] InnoDB: Compressed tables use zlib 1.2.3
2023-04-14 15:05:14 21188 [Note] InnoDB: Not using CPU crc32 instructions
2023-04-14 15:05:14 21188 [Note] InnoDB: Initializing buffer pool, size = 128.0M
2023-04-14 15:05:14 21188 [Note] InnoDB: Completed initialization of buffer pool
2023-04-14 15:05:14 21188 [Note] InnoDB: Highest supported file format is Barracuda.
2023-04-14 15:05:14 21188 [Note] InnoDB: The log sequence numbers 1626134 and 1626134 in ibdata files do not match the log sequence number 1901678 in the ib_logfiles!
2023-04-14 15:05:14 21188 [Note] InnoDB: Database was not shutdown normally!
2023-04-14 15:05:14 21188 [Note] InnoDB: Starting crash recovery.
2023-04-14 15:05:14 21188 [Note] InnoDB: Reading tablespace information from the .ibd files...
2023-04-14 15:05:14 21188 [Note] InnoDB: Restoring possible half-written data pages 
2023-04-14 15:05:14 21188 [Note] InnoDB: from the doublewrite buffer...
2023-04-14 15:05:14 21188 [Note] InnoDB: 128 rollback segment(s) are active.
2023-04-14 15:05:14 21188 [Note] InnoDB: Waiting for purge to start
2023-04-14 15:05:14 21188 [Note] InnoDB: 5.6.13 started; log sequence number 1901678
2023-04-14 15:05:14 21188 [Note] Server hostname (bind-address): '*'; port: 3307
2023-04-14 15:05:14 21188 [Note] IPv6 is available.
2023-04-14 15:05:14 21188 [Note]   - '::' resolves to '::';
2023-04-14 15:05:14 21188 [Note] Server socket created on IP: '::'.
2023-04-29 12:55:37 1180 [Note] Plugin 'FEDERATED' is disabled.
2023-04-29 12:55:37 1180 [Note] InnoDB: The InnoDB memory heap is disabled
2023-04-29 12:55:37 1180 [Note] InnoDB: Mutexes and rw_locks use Windows interlocked functions
2023-04-29 12:55:37 1180 [Note] InnoDB: Compressed tables use zlib 1.2.3
2023-04-29 12:55:37 1180 [Note] InnoDB: Not using CPU crc32 instructions
2023-04-29 12:55:37 1180 [Note] InnoDB: Initializing buffer pool, size = 128.0M
2023-04-29 12:55:37 1180 [Note] InnoDB: Completed initialization of buffer pool
2023-04-29 12:55:37 1180 [Note] InnoDB: Highest supported file format is Barracuda.
2023-04-29 12:55:37 1180 [Note] InnoDB: The log sequence numbers 1626134 and 1626134 in ibdata files do not match the log sequence number 1946563 in the ib_logfiles!
2023-04-29 12:55:37 1180 [Note] InnoDB: Database was not shutdown normally!
2023-04-29 12:55:37 1180 [Note] InnoDB: Starting crash recovery.
2023-04-29 12:55:37 1180 [Note] InnoDB: Reading tablespace information from the .ibd files...
2023-04-29 12:55:37 1180 [Note] InnoDB: Restoring possible half-written data pages 
2023-04-29 12:55:37 1180 [Note] InnoDB: from the doublewrite buffer...
2023-04-29 12:55:38 1180 [Note] InnoDB: 128 rollback segment(s) are active.
2023-04-29 12:55:38 1180 [Note] InnoDB: Waiting for purge to start
2023-04-29 12:55:38 1180 [Note] InnoDB: 5.6.13 started; log sequence number 1946563
2023-04-29 12:55:38 1180 [Note] Server hostname (bind-address): '*'; port: 3307
2023-04-29 12:55:38 1180 [Note] IPv6 is available.
2023-04-29 12:55:38 1180 [Note]   - '::' resolves to '::';
2023-04-29 12:55:38 1180 [Note] Server socket created on IP: '::'.
2023-04-29 23:42:57 12016 [Note] Plugin 'FEDERATED' is disabled.
2023-04-29 23:42:57 12016 [Note] InnoDB: The InnoDB memory heap is disabled
2023-04-29 23:42:57 12016 [Note] InnoDB: Mutexes and rw_locks use Windows interlocked functions
2023-04-29 23:42:57 12016 [Note] InnoDB: Compressed tables use zlib 1.2.3
2023-04-29 23:42:57 12016 [Note] InnoDB: Not using CPU crc32 instructions
2023-04-29 23:42:57 12016 [Note] InnoDB: Initializing buffer pool, size = 128.0M
2023-04-29 23:42:57 12016 [Note] InnoDB: Completed initialization of buffer pool
2023-04-29 23:42:57 12016 [Note] InnoDB: Highest supported file format is Barracuda.
2023-04-29 23:42:57 12016 [Note] InnoDB: The log sequence numbers 1626134 and 1626134 in ibdata files do not match the log sequence number 1947003 in the ib_logfiles!
2023-04-29 23:42:57 12016 [Note] InnoDB: Database was not shutdown normally!
2023-04-29 23:42:57 12016 [Note] InnoDB: Starting crash recovery.
2023-04-29 23:42:57 12016 [Note] InnoDB: Reading tablespace information from the .ibd files...
2023-04-29 23:42:57 12016 [Note] InnoDB: Restoring possible half-written data pages 
2023-04-29 23:42:57 12016 [Note] InnoDB: from the doublewrite buffer...
2023-04-29 23:42:58 12016 [Note] InnoDB: 128 rollback segment(s) are active.
2023-04-29 23:42:58 12016 [Note] InnoDB: Waiting for purge to start
2023-04-29 23:42:58 12016 [Note] InnoDB: 5.6.13 started; log sequence number 1947003
2023-04-29 23:42:58 12016 [Note] Server hostname (bind-address): '*'; port: 3307
2023-04-29 23:42:58 12016 [Note] IPv6 is available.
2023-04-29 23:42:58 12016 [Note]   - '::' resolves to '::';
2023-04-29 23:42:58 12016 [Note] Server socket created on IP: '::'.
2023-04-30 01:57:41 17852 [Note] Plugin 'FEDERATED' is disabled.
2023-04-30 01:57:41 17852 [Note] InnoDB: The InnoDB memory heap is disabled
2023-04-30 01:57:41 17852 [Note] InnoDB: Mutexes and rw_locks use Windows interlocked functions
2023-04-30 01:57:41 17852 [Note] InnoDB: Compressed tables use zlib 1.2.3
2023-04-30 01:57:41 17852 [Note] InnoDB: Not using CPU crc32 instructions
2023-04-30 01:57:41 17852 [Note] InnoDB: Initializing buffer pool, size = 128.0M
2023-04-30 01:57:41 17852 [Note] InnoDB: Completed initialization of buffer pool
2023-04-30 01:57:41 17852 [Note] InnoDB: Highest supported file format is Barracuda.
2023-04-30 01:57:41 17852 [Note] InnoDB: The log sequence numbers 1626134 and 1626134 in ibdata files do not match the log sequence number 1948643 in the ib_logfiles!
2023-04-30 01:57:41 17852 [Note] InnoDB: Database was not shutdown normally!
2023-04-30 01:57:41 17852 [Note] InnoDB: Starting crash recovery.
2023-04-30 01:57:41 17852 [Note] InnoDB: Reading tablespace information from the .ibd files...
2023-04-30 01:57:41 17852 [Note] InnoDB: Restoring possible half-written data pages 
2023-04-30 01:57:41 17852 [Note] InnoDB: from the doublewrite buffer...
2023-04-30 01:57:41 17852 [Note] InnoDB: 128 rollback segment(s) are active.
2023-04-30 01:57:41 17852 [Note] InnoDB: Waiting for purge to start
2023-04-30 01:57:41 17852 [Note] InnoDB: 5.6.13 started; log sequence number 1948643
2023-04-30 01:57:41 17852 [Note] Server hostname (bind-address): '*'; port: 3307
2023-04-30 01:57:41 17852 [Note] IPv6 is available.
2023-04-30 01:57:41 17852 [Note]   - '::' resolves to '::';
2023-04-30 01:57:41 17852 [Note] Server socket created on IP: '::'.
2023-04-30 19:09:49 600 [Note] Plugin 'FEDERATED' is disabled.
2023-04-30 19:09:49 600 [Note] InnoDB: The InnoDB memory heap is disabled
2023-04-30 19:09:49 600 [Note] InnoDB: Mutexes and rw_locks use Windows interlocked functions
2023-04-30 19:09:49 600 [Note] InnoDB: Compressed tables use zlib 1.2.3
2023-04-30 19:09:49 600 [Note] InnoDB: Not using CPU crc32 instructions
2023-04-30 19:09:49 600 [Note] InnoDB: Initializing buffer pool, size = 128.0M
2023-04-30 19:09:49 600 [Note] InnoDB: Completed initialization of buffer pool
2023-04-30 19:09:49 600 [Note] InnoDB: Highest supported file format is Barracuda.
2023-04-30 19:09:49 600 [Note] InnoDB: The log sequence numbers 1626134 and 1626134 in ibdata files do not match the log sequence number 1953888 in the ib_logfiles!
2023-04-30 19:09:49 600 [Note] InnoDB: Database was not shutdown normally!
2023-04-30 19:09:49 600 [Note] InnoDB: Starting crash recovery.
2023-04-30 19:09:49 600 [Note] InnoDB: Reading tablespace information from the .ibd files...
2023-04-30 19:09:49 600 [Note] InnoDB: Restoring possible half-written data pages 
2023-04-30 19:09:49 600 [Note] InnoDB: from the doublewrite buffer...
2023-04-30 19:09:50 600 [Note] InnoDB: 128 rollback segment(s) are active.
2023-04-30 19:09:50 600 [Note] InnoDB: Waiting for purge to start
2023-04-30 19:09:50 600 [Note] InnoDB: 5.6.13 started; log sequence number 1953888
2023-04-30 19:09:50 600 [Note] Server hostname (bind-address): '*'; port: 3307
2023-04-30 19:09:50 600 [Note] IPv6 is available.
2023-04-30 19:09:50 600 [Note]   - '::' resolves to '::';
2023-04-30 19:09:50 600 [Note] Server socket created on IP: '::'.
2023-05-11 17:15:42 10904 [Note] Plugin 'FEDERATED' is disabled.
2023-05-11 17:15:42 10904 [Note] InnoDB: The InnoDB memory heap is disabled
2023-05-11 17:15:42 10904 [Note] InnoDB: Mutexes and rw_locks use Windows interlocked functions
2023-05-11 17:15:42 10904 [Note] InnoDB: Compressed tables use zlib 1.2.3
2023-05-11 17:15:42 10904 [Note] InnoDB: Not using CPU crc32 instructions
2023-05-11 17:15:42 10904 [Note] InnoDB: Initializing buffer pool, size = 128.0M
2023-05-11 17:15:42 10904 [Note] InnoDB: Completed initialization of buffer pool
2023-05-11 17:15:42 10904 [Note] InnoDB: Highest supported file format is Barracuda.
2023-05-11 17:15:42 10904 [Note] InnoDB: The log sequence numbers 1626134 and 1626134 in ibdata files do not match the log sequence number 1958017 in the ib_logfiles!
2023-05-11 17:15:42 10904 [Note] InnoDB: Database was not shutdown normally!
2023-05-11 17:15:42 10904 [Note] InnoDB: Starting crash recovery.
2023-05-11 17:15:42 10904 [Note] InnoDB: Reading tablespace information from the .ibd files...
2023-05-11 17:15:42 10904 [Note] InnoDB: Restoring possible half-written data pages 
2023-05-11 17:15:42 10904 [Note] InnoDB: from the doublewrite buffer...
2023-05-11 17:15:42 10904 [Note] InnoDB: 128 rollback segment(s) are active.
2023-05-11 17:15:42 10904 [Note] InnoDB: Waiting for purge to start
2023-05-11 17:15:43 10904 [Note] InnoDB: 5.6.13 started; log sequence number 1958017
2023-05-11 17:15:43 10904 [Note] Server hostname (bind-address): '*'; port: 3307
2023-05-11 17:15:43 10904 [Note] IPv6 is available.
2023-05-11 17:15:43 10904 [Note]   - '::' resolves to '::';
2023-05-11 17:15:43 10904 [Note] Server socket created on IP: '::'.
2023-05-13 17:51:06 16548 [Note] Plugin 'FEDERATED' is disabled.
2023-05-13 17:51:06 16548 [Note] InnoDB: The InnoDB memory heap is disabled
2023-05-13 17:51:06 16548 [Note] InnoDB: Mutexes and rw_locks use Windows interlocked functions
2023-05-13 17:51:06 16548 [Note] InnoDB: Compressed tables use zlib 1.2.3
2023-05-13 17:51:06 16548 [Note] InnoDB: Not using CPU crc32 instructions
2023-05-13 17:51:06 16548 [Note] InnoDB: Initializing buffer pool, size = 128.0M
2023-05-13 17:51:06 16548 [Note] InnoDB: Completed initialization of buffer pool
2023-05-13 17:51:06 16548 [Note] InnoDB: Highest supported file format is Barracuda.
2023-05-13 17:51:06 16548 [Note] InnoDB: The log sequence numbers 1626134 and 1626134 in ibdata files do not match the log sequence number 2002592 in the ib_logfiles!
2023-05-13 17:51:06 16548 [Note] InnoDB: Database was not shutdown normally!
2023-05-13 17:51:06 16548 [Note] InnoDB: Starting crash recovery.
2023-05-13 17:51:06 16548 [Note] InnoDB: Reading tablespace information from the .ibd files...
2023-05-13 17:51:06 16548 [Note] InnoDB: Restoring possible half-written data pages 
2023-05-13 17:51:06 16548 [Note] InnoDB: from the doublewrite buffer...
2023-05-13 17:51:06 16548 [Note] InnoDB: 128 rollback segment(s) are active.
2023-05-13 17:51:06 16548 [Note] InnoDB: Waiting for purge to start
2023-05-13 17:51:06 16548 [Note] InnoDB: 5.6.13 started; log sequence number 2002592
2023-05-13 17:51:06 16548 [Note] Server hostname (bind-address): '*'; port: 3307
2023-05-13 17:51:06 16548 [Note] IPv6 is available.
2023-05-13 17:51:06 16548 [Note]   - '::' resolves to '::';
2023-05-13 17:51:06 16548 [Note] Server socket created on IP: '::'.
