2022-11-09 10:37:04 8636 [Note] Plugin 'FEDERATED' is disabled.
2022-11-09 10:37:04 8636 [Note] InnoDB: The InnoDB memory heap is disabled
2022-11-09 10:37:04 8636 [Note] InnoDB: Mutexes and rw_locks use Windows interlocked functions
2022-11-09 10:37:04 8636 [Note] InnoDB: Compressed tables use zlib 1.2.3
2022-11-09 10:37:04 8636 [Note] InnoDB: Not using CPU crc32 instructions
2022-11-09 10:37:04 8636 [Note] InnoDB: Initializing buffer pool, size = 128.0M
2022-11-09 10:37:04 8636 [Note] InnoDB: Completed initialization of buffer pool
2022-11-09 10:37:04 8636 [Note] InnoDB: Setting log file C:\Users\admin\Downloads\USBWebserver v8.6\mysql\data\ib_logfile101 size to 5 MB
2022-11-09 10:37:04 8636 [Note] InnoDB: Setting log file C:\Users\admin\Downloads\USBWebserver v8.6\mysql\data\ib_logfile1 size to 5 MB
2022-11-09 10:37:05 8636 [Note] InnoDB: Renaming log file C:\Users\admin\Downloads\USBWebserver v8.6\mysql\data\ib_logfile101 to C:\Users\admin\Downloads\USBWebserver v8.6\mysql\data\ib_logfile0
2022-11-09 10:37:05 8636 [Warning] InnoDB: New log files created, LSN=1626134
2022-11-09 10:37:05 8636 [Note] InnoDB: Highest supported file format is Barracuda.
2022-11-09 10:37:05 8636 [Note] InnoDB: 128 rollback segment(s) are active.
2022-11-09 10:37:05 8636 [Note] InnoDB: Waiting for purge to start
2022-11-09 10:37:05 8636 [Note] InnoDB: 5.6.13 started; log sequence number 1626636
2022-11-09 10:37:05 8636 [Warning] No existing UUID has been found, so we assume that this is the first time that this server has been started. Generating a new UUID: 997ea77a-6033-11ed-ab80-d09466b21394.
2022-11-09 10:37:05 8636 [Note] Server hostname (bind-address): '*'; port: 3307
2022-11-09 10:37:05 8636 [Note] IPv6 is available.
2022-11-09 10:37:05 8636 [Note]   - '::' resolves to '::';
2022-11-09 10:37:05 8636 [Note] Server socket created on IP: '::'.
2022-11-09 14:59:07 8224 [Note] Plugin 'FEDERATED' is disabled.
2022-11-09 14:59:07 8224 [Note] InnoDB: The InnoDB memory heap is disabled
2022-11-09 14:59:07 8224 [Note] InnoDB: Mutexes and rw_locks use Windows interlocked functions
2022-11-09 14:59:07 8224 [Note] InnoDB: Compressed tables use zlib 1.2.3
2022-11-09 14:59:07 8224 [Note] InnoDB: Not using CPU crc32 instructions
2022-11-09 14:59:07 8224 [Note] InnoDB: Initializing buffer pool, size = 128.0M
2022-11-09 14:59:07 8224 [Note] InnoDB: Completed initialization of buffer pool
2022-11-09 14:59:07 8224 [Note] InnoDB: Highest supported file format is Barracuda.
2022-11-09 14:59:07 8224 [Note] InnoDB: The log sequence numbers 1626134 and 1626134 in ibdata files do not match the log sequence number 1770106 in the ib_logfiles!
2022-11-09 14:59:07 8224 [Note] InnoDB: Database was not shutdown normally!
2022-11-09 14:59:07 8224 [Note] InnoDB: Starting crash recovery.
2022-11-09 14:59:07 8224 [Note] InnoDB: Reading tablespace information from the .ibd files...
2022-11-09 14:59:07 8224 [Note] InnoDB: Restoring possible half-written data pages 
2022-11-09 14:59:07 8224 [Note] InnoDB: from the doublewrite buffer...
2022-11-09 14:59:08 8224 [Note] InnoDB: 128 rollback segment(s) are active.
2022-11-09 14:59:08 8224 [Note] InnoDB: Waiting for purge to start
2022-11-09 14:59:08 8224 [Note] InnoDB: 5.6.13 started; log sequence number 1770106
2022-11-09 14:59:08 8224 [Note] Server hostname (bind-address): '*'; port: 3307
2022-11-09 14:59:08 8224 [Note] IPv6 is available.
2022-11-09 14:59:08 8224 [Note]   - '::' resolves to '::';
2022-11-09 14:59:08 8224 [Note] Server socket created on IP: '::'.
